<?xml version="1.0" encoding="UTF-8"?>
<!-- Generated by org.testng.reporters.JUnitXMLReporter -->
<testsuite hostname="IBM289-PC07QFA2" ignored="0" name="Default test" tests="4" failures="0" timestamp="18 Mar 2019 14:18:32 GMT" time="0.069" errors="0">
  <testcase name="d" time="0.016" classname="com.training.pom.test"/>
  <testcase name="k" time="0.002" classname="com.training.pom.test"/>
  <testcase name="a" time="0.002" classname="com.training.pom.test"/>
  <testcase name="c" time="0.001" classname="com.training.pom.test"/>
</testsuite> <!-- Default test -->
